2022/03/11 11:44:07 [notice] 1#1: using the "epoll" event method
2022/03/11 11:44:07 [notice] 1#1: nginx/1.21.6
2022/03/11 11:44:07 [notice] 1#1: built by gcc 10.2.1 20210110 (Debian 10.2.1-6) 
2022/03/11 11:44:07 [notice] 1#1: OS: Linux 5.10.76-linuxkit
2022/03/11 11:44:07 [notice] 1#1: getrlimit(RLIMIT_NOFILE): 1048576:1048576
2022/03/11 11:44:07 [notice] 1#1: start worker processes
2022/03/11 11:44:07 [notice] 1#1: start worker process 24
2022/03/11 11:44:07 [notice] 1#1: start worker process 25
2022/03/11 11:44:07 [notice] 1#1: start worker process 26
2022/03/11 11:44:07 [notice] 1#1: start worker process 27
2022/03/11 11:46:26 [notice] 1#1: signal 3 (SIGQUIT) received, shutting down
2022/03/11 11:46:26 [notice] 24#24: gracefully shutting down
2022/03/11 11:46:26 [notice] 24#24: exiting
2022/03/11 11:46:26 [notice] 26#26: gracefully shutting down
2022/03/11 11:46:26 [notice] 25#25: gracefully shutting down
2022/03/11 11:46:26 [notice] 25#25: exiting
2022/03/11 11:46:26 [notice] 27#27: gracefully shutting down
2022/03/11 11:46:26 [notice] 27#27: exiting
2022/03/11 11:46:26 [notice] 24#24: exit
2022/03/11 11:46:26 [notice] 26#26: exiting
2022/03/11 11:46:26 [notice] 25#25: exit
2022/03/11 11:46:26 [notice] 27#27: exit
2022/03/11 11:46:26 [notice] 26#26: exit
2022/03/11 11:46:26 [notice] 1#1: signal 17 (SIGCHLD) received from 25
2022/03/11 11:46:26 [notice] 1#1: worker process 25 exited with code 0
2022/03/11 11:46:26 [notice] 1#1: signal 29 (SIGIO) received
2022/03/11 11:46:26 [notice] 1#1: signal 17 (SIGCHLD) received from 26
2022/03/11 11:46:26 [notice] 1#1: worker process 26 exited with code 0
2022/03/11 11:46:26 [notice] 1#1: signal 29 (SIGIO) received
2022/03/11 11:46:26 [notice] 1#1: signal 17 (SIGCHLD) received from 24
2022/03/11 11:46:26 [notice] 1#1: worker process 24 exited with code 0
2022/03/11 11:46:26 [notice] 1#1: worker process 27 exited with code 0
2022/03/11 11:46:26 [notice] 1#1: exit
2022/03/11 12:08:29 [notice] 1#1: using the "epoll" event method
2022/03/11 12:08:29 [notice] 1#1: nginx/1.21.6
2022/03/11 12:08:29 [notice] 1#1: built by gcc 10.2.1 20210110 (Debian 10.2.1-6) 
2022/03/11 12:08:29 [notice] 1#1: OS: Linux 5.10.76-linuxkit
2022/03/11 12:08:29 [notice] 1#1: getrlimit(RLIMIT_NOFILE): 1048576:1048576
2022/03/11 12:08:29 [notice] 1#1: start worker processes
2022/03/11 12:08:29 [notice] 1#1: start worker process 23
2022/03/11 12:08:29 [notice] 1#1: start worker process 24
2022/03/11 12:08:29 [notice] 1#1: start worker process 25
2022/03/11 12:08:29 [notice] 1#1: start worker process 26
2022/03/11 12:26:11 [notice] 1#1: signal 3 (SIGQUIT) received, shutting down
2022/03/11 12:26:11 [notice] 25#25: gracefully shutting down
2022/03/11 12:26:11 [notice] 25#25: exiting
2022/03/11 12:26:11 [notice] 24#24: gracefully shutting down
2022/03/11 12:26:11 [notice] 24#24: exiting
2022/03/11 12:26:11 [notice] 26#26: gracefully shutting down
2022/03/11 12:26:11 [notice] 26#26: exiting
2022/03/11 12:26:11 [notice] 23#23: gracefully shutting down
2022/03/11 12:26:11 [notice] 25#25: exit
2022/03/11 12:26:11 [notice] 24#24: exit
2022/03/11 12:26:11 [notice] 26#26: exit
2022/03/11 12:26:11 [notice] 23#23: exiting
2022/03/11 12:26:11 [notice] 23#23: exit
2022/03/11 12:26:11 [notice] 1#1: signal 17 (SIGCHLD) received from 26
2022/03/11 12:26:11 [notice] 1#1: worker process 26 exited with code 0
2022/03/11 12:26:11 [notice] 1#1: worker process 24 exited with code 0
2022/03/11 12:26:11 [notice] 1#1: signal 29 (SIGIO) received
2022/03/11 12:26:11 [notice] 1#1: signal 17 (SIGCHLD) received from 24
2022/03/11 12:26:11 [notice] 1#1: signal 17 (SIGCHLD) received from 25
2022/03/11 12:26:11 [notice] 1#1: worker process 25 exited with code 0
2022/03/11 12:26:11 [notice] 1#1: signal 29 (SIGIO) received
2022/03/11 12:26:11 [notice] 1#1: signal 17 (SIGCHLD) received from 23
2022/03/11 12:26:11 [notice] 1#1: worker process 23 exited with code 0
2022/03/11 12:26:11 [notice] 1#1: exit
2022/03/11 12:26:11 [notice] 1#1: using the "epoll" event method
2022/03/11 12:26:11 [notice] 1#1: nginx/1.21.6
2022/03/11 12:26:11 [notice] 1#1: built by gcc 10.2.1 20210110 (Debian 10.2.1-6) 
2022/03/11 12:26:11 [notice] 1#1: OS: Linux 5.10.76-linuxkit
2022/03/11 12:26:11 [notice] 1#1: getrlimit(RLIMIT_NOFILE): 1048576:1048576
2022/03/11 12:26:11 [notice] 1#1: start worker processes
2022/03/11 12:26:11 [notice] 1#1: start worker process 27
2022/03/11 12:26:11 [notice] 1#1: start worker process 28
2022/03/11 12:26:11 [notice] 1#1: start worker process 29
2022/03/11 12:26:11 [notice] 1#1: start worker process 30
2022/03/11 12:27:12 [notice] 1#1: signal 3 (SIGQUIT) received, shutting down
2022/03/11 12:27:12 [notice] 27#27: gracefully shutting down
2022/03/11 12:27:12 [notice] 28#28: gracefully shutting down
2022/03/11 12:27:12 [notice] 28#28: exiting
2022/03/11 12:27:12 [notice] 29#29: gracefully shutting down
2022/03/11 12:27:12 [notice] 29#29: exiting
2022/03/11 12:27:12 [notice] 30#30: gracefully shutting down
2022/03/11 12:27:12 [notice] 30#30: exiting
2022/03/11 12:27:12 [notice] 28#28: exit
2022/03/11 12:27:12 [notice] 29#29: exit
2022/03/11 12:27:12 [notice] 30#30: exit
2022/03/11 12:27:12 [notice] 1#1: signal 17 (SIGCHLD) received from 30
2022/03/11 12:27:12 [notice] 1#1: worker process 30 exited with code 0
2022/03/11 12:27:12 [notice] 1#1: signal 29 (SIGIO) received
2022/03/11 12:27:12 [notice] 1#1: signal 17 (SIGCHLD) received from 28
2022/03/11 12:27:12 [notice] 1#1: worker process 28 exited with code 0
2022/03/11 12:27:12 [notice] 1#1: signal 29 (SIGIO) received
2022/03/11 12:27:12 [notice] 1#1: signal 17 (SIGCHLD) received from 29
2022/03/11 12:27:12 [notice] 1#1: worker process 29 exited with code 0
2022/03/11 12:27:12 [notice] 1#1: signal 29 (SIGIO) received
2022/03/11 12:27:15 [notice] 27#27: exiting
2022/03/11 12:27:15 [notice] 27#27: exit
2022/03/11 12:27:15 [notice] 1#1: signal 17 (SIGCHLD) received from 27
2022/03/11 12:27:15 [notice] 1#1: worker process 27 exited with code 0
2022/03/11 12:27:15 [notice] 1#1: exit
2022/03/11 12:27:20 [notice] 1#1: using the "epoll" event method
2022/03/11 12:27:20 [notice] 1#1: nginx/1.21.6
2022/03/11 12:27:20 [notice] 1#1: built by gcc 10.2.1 20210110 (Debian 10.2.1-6) 
2022/03/11 12:27:20 [notice] 1#1: OS: Linux 5.10.76-linuxkit
2022/03/11 12:27:20 [notice] 1#1: getrlimit(RLIMIT_NOFILE): 1048576:1048576
2022/03/11 12:27:20 [notice] 1#1: start worker processes
2022/03/11 12:27:20 [notice] 1#1: start worker process 24
2022/03/11 12:27:20 [notice] 1#1: start worker process 25
2022/03/11 12:27:20 [notice] 1#1: start worker process 26
2022/03/11 12:27:20 [notice] 1#1: start worker process 27
2022/03/11 12:27:28 [notice] 1#1: signal 3 (SIGQUIT) received, shutting down
2022/03/11 12:27:28 [notice] 24#24: gracefully shutting down
2022/03/11 12:27:28 [notice] 24#24: exiting
2022/03/11 12:27:28 [notice] 26#26: gracefully shutting down
2022/03/11 12:27:28 [notice] 26#26: exiting
2022/03/11 12:27:28 [notice] 25#25: gracefully shutting down
2022/03/11 12:27:28 [notice] 25#25: exiting
2022/03/11 12:27:28 [notice] 27#27: gracefully shutting down
2022/03/11 12:27:28 [notice] 24#24: exit
2022/03/11 12:27:28 [notice] 26#26: exit
2022/03/11 12:27:28 [notice] 25#25: exit
2022/03/11 12:27:28 [notice] 27#27: exiting
2022/03/11 12:27:28 [notice] 27#27: exit
2022/03/11 12:27:28 [notice] 1#1: signal 17 (SIGCHLD) received from 26
2022/03/11 12:27:28 [notice] 1#1: worker process 24 exited with code 0
2022/03/11 12:27:28 [notice] 1#1: worker process 25 exited with code 0
2022/03/11 12:27:28 [notice] 1#1: worker process 26 exited with code 0
2022/03/11 12:27:28 [notice] 1#1: worker process 27 exited with code 0
2022/03/11 12:27:28 [notice] 1#1: exit
2022/03/11 12:28:43 [notice] 1#1: using the "epoll" event method
2022/03/11 12:28:43 [notice] 1#1: nginx/1.21.6
2022/03/11 12:28:43 [notice] 1#1: built by gcc 10.2.1 20210110 (Debian 10.2.1-6) 
2022/03/11 12:28:43 [notice] 1#1: OS: Linux 5.10.76-linuxkit
2022/03/11 12:28:43 [notice] 1#1: getrlimit(RLIMIT_NOFILE): 1048576:1048576
2022/03/11 12:28:43 [notice] 1#1: start worker processes
2022/03/11 12:28:43 [notice] 1#1: start worker process 23
2022/03/11 12:28:43 [notice] 1#1: start worker process 24
2022/03/11 12:28:43 [notice] 1#1: start worker process 25
2022/03/11 12:28:43 [notice] 1#1: start worker process 26
2022/03/11 12:28:54 [notice] 1#1: signal 3 (SIGQUIT) received, shutting down
2022/03/11 12:28:54 [notice] 25#25: gracefully shutting down
2022/03/11 12:28:54 [notice] 25#25: exiting
2022/03/11 12:28:54 [notice] 23#23: gracefully shutting down
2022/03/11 12:28:54 [notice] 24#24: gracefully shutting down
2022/03/11 12:28:54 [notice] 26#26: gracefully shutting down
2022/03/11 12:28:54 [notice] 26#26: exiting
2022/03/11 12:28:54 [notice] 25#25: exit
2022/03/11 12:28:54 [notice] 23#23: exiting
2022/03/11 12:28:54 [notice] 26#26: exit
2022/03/11 12:28:54 [notice] 23#23: exit
2022/03/11 12:28:54 [notice] 1#1: signal 17 (SIGCHLD) received from 23
2022/03/11 12:28:54 [notice] 1#1: worker process 23 exited with code 0
2022/03/11 12:28:54 [notice] 1#1: signal 29 (SIGIO) received
2022/03/11 12:28:54 [notice] 1#1: signal 17 (SIGCHLD) received from 25
2022/03/11 12:28:54 [notice] 1#1: worker process 25 exited with code 0
2022/03/11 12:28:54 [notice] 1#1: signal 29 (SIGIO) received
2022/03/11 12:28:54 [notice] 1#1: signal 17 (SIGCHLD) received from 26
2022/03/11 12:28:54 [notice] 1#1: worker process 26 exited with code 0
2022/03/11 12:28:54 [notice] 1#1: signal 29 (SIGIO) received
2022/03/11 12:28:57 [notice] 1#1: signal 3 (SIGQUIT) received, shutting down
2022/03/11 12:29:02 [notice] 1#1: signal 3 (SIGQUIT) received, shutting down
2022/03/11 14:09:34 [notice] 1#1: using the "epoll" event method
2022/03/11 14:09:34 [notice] 1#1: nginx/1.21.6
2022/03/11 14:09:34 [notice] 1#1: built by gcc 10.2.1 20210110 (Debian 10.2.1-6) 
2022/03/11 14:09:34 [notice] 1#1: OS: Linux 5.10.76-linuxkit
2022/03/11 14:09:34 [notice] 1#1: getrlimit(RLIMIT_NOFILE): 1048576:1048576
2022/03/11 14:09:34 [notice] 1#1: start worker processes
2022/03/11 14:09:34 [notice] 1#1: start worker process 23
2022/03/11 14:09:34 [notice] 1#1: start worker process 24
2022/03/11 14:09:34 [notice] 1#1: start worker process 25
2022/03/11 14:09:34 [notice] 1#1: start worker process 26
2022/03/11 14:09:48 [error] 24#24: *2 open() "/var/www/localhost/favicon.ico" failed (2: No such file or directory), client: 172.25.0.1, server: hello.dev, request: "GET /favicon.ico HTTP/1.1", host: "localhost:81", referrer: "http://localhost:81/"
2022/03/11 14:10:24 [notice] 1#1: signal 3 (SIGQUIT) received, shutting down
2022/03/11 14:10:24 [notice] 23#23: gracefully shutting down
2022/03/11 14:10:24 [notice] 25#25: gracefully shutting down
2022/03/11 14:10:24 [notice] 25#25: exiting
2022/03/11 14:10:24 [notice] 24#24: gracefully shutting down
2022/03/11 14:10:24 [notice] 26#26: gracefully shutting down
2022/03/11 14:10:24 [notice] 25#25: exit
2022/03/11 14:10:24 [notice] 24#24: exiting
2022/03/11 14:10:24 [notice] 26#26: exiting
2022/03/11 14:10:24 [notice] 26#26: exit
2022/03/11 14:10:24 [notice] 24#24: exit
2022/03/11 14:10:24 [notice] 1#1: signal 17 (SIGCHLD) received from 25
2022/03/11 14:10:24 [notice] 1#1: worker process 25 exited with code 0
2022/03/11 14:10:24 [notice] 1#1: signal 29 (SIGIO) received
2022/03/11 14:10:24 [notice] 1#1: signal 17 (SIGCHLD) received from 24
2022/03/11 14:10:24 [notice] 1#1: worker process 24 exited with code 0
2022/03/11 14:10:24 [notice] 1#1: worker process 26 exited with code 0
2022/03/11 14:10:24 [notice] 1#1: signal 29 (SIGIO) received
2022/03/11 14:10:24 [notice] 1#1: signal 17 (SIGCHLD) received from 26
2022/03/11 14:10:29 [notice] 1#1: signal 3 (SIGQUIT) received, shutting down
2022/03/11 14:11:19 [notice] 1#1: using the "epoll" event method
2022/03/11 14:11:19 [notice] 1#1: nginx/1.21.6
2022/03/11 14:11:19 [notice] 1#1: built by gcc 10.2.1 20210110 (Debian 10.2.1-6) 
2022/03/11 14:11:19 [notice] 1#1: OS: Linux 5.10.76-linuxkit
2022/03/11 14:11:19 [notice] 1#1: getrlimit(RLIMIT_NOFILE): 1048576:1048576
2022/03/11 14:11:19 [notice] 1#1: start worker processes
2022/03/11 14:11:19 [notice] 1#1: start worker process 23
2022/03/11 14:11:19 [notice] 1#1: start worker process 24
2022/03/11 14:11:19 [notice] 1#1: start worker process 25
2022/03/11 14:11:19 [notice] 1#1: start worker process 26
2022/03/11 14:53:50 [notice] 1#1: signal 3 (SIGQUIT) received, shutting down
2022/03/11 14:53:50 [notice] 24#24: gracefully shutting down
2022/03/11 14:53:50 [notice] 26#26: gracefully shutting down
2022/03/11 14:53:50 [notice] 25#25: gracefully shutting down
2022/03/11 14:53:50 [notice] 23#23: gracefully shutting down
2022/03/11 14:53:50 [notice] 23#23: exiting
2022/03/11 14:53:50 [notice] 24#24: exiting
2022/03/11 14:53:50 [notice] 26#26: exiting
2022/03/11 14:53:50 [notice] 25#25: exiting
2022/03/11 14:53:50 [notice] 23#23: exit
2022/03/11 14:53:50 [notice] 24#24: exit
2022/03/11 14:53:50 [notice] 26#26: exit
2022/03/11 14:53:50 [notice] 25#25: exit
2022/03/11 14:53:50 [notice] 1#1: signal 17 (SIGCHLD) received from 23
2022/03/11 14:53:50 [notice] 1#1: worker process 23 exited with code 0
2022/03/11 14:53:50 [notice] 1#1: signal 29 (SIGIO) received
2022/03/11 14:53:50 [notice] 1#1: signal 17 (SIGCHLD) received from 25
2022/03/11 14:53:50 [notice] 1#1: worker process 25 exited with code 0
2022/03/11 14:53:50 [notice] 1#1: signal 29 (SIGIO) received
2022/03/11 14:53:50 [notice] 1#1: signal 17 (SIGCHLD) received from 26
2022/03/11 14:53:50 [notice] 1#1: worker process 26 exited with code 0
2022/03/11 14:53:50 [notice] 1#1: signal 29 (SIGIO) received
2022/03/11 14:53:50 [notice] 1#1: signal 17 (SIGCHLD) received from 24
2022/03/11 14:53:50 [notice] 1#1: worker process 24 exited with code 0
2022/03/11 14:53:50 [notice] 1#1: exit
